Determining if the pthread_create exist failed with the following output:
Change Dir: /home/cc/ee106a/fa19/class/ee106a-afu/ros_workspaces/Thanos/build/CMakeFiles/CMakeTmp

Run Build Command:"/usr/bin/make" "cmTC_7eeda/fast"
/usr/bin/make -f CMakeFiles/cmTC_7eeda.dir/build.make CMakeFiles/cmTC_7eeda.dir/build
make[1]: Entering directory '/home/cc/ee106a/fa19/class/ee106a-afu/ros_workspaces/Thanos/build/CMakeFiles/CMakeTmp'
Building C object CMakeFiles/cmTC_7eeda.dir/CheckSymbolExists.c.o
/usr/bin/cc     -o CMakeFiles/cmTC_7eeda.dir/CheckSymbolExists.c.o   -c /home/cc/ee106a/fa19/class/ee106a-afu/ros_workspaces/Thanos/build/CMakeFiles/CMakeTmp/CheckSymbolExists.c
Linking C executable cmTC_7eeda
/usr/bin/cmake -E cmake_link_script CMakeFiles/cmTC_7eeda.dir/link.txt --verbose=1
/usr/bin/cc       CMakeFiles/cmTC_7eeda.dir/CheckSymbolExists.c.o  -o cmTC_7eeda -rdynamic 
CMakeFiles/cmTC_7eeda.dir/CheckSymbolExists.c.o: In function `main':
CheckSymbolExists.c:(.text+0x16): undefined reference to `pthread_create'
collect2: error: ld returned 1 exit status
CMakeFiles/cmTC_7eeda.dir/build.make:97: recipe for target 'cmTC_7eeda' failed
make[1]: *** [cmTC_7eeda] Error 1
make[1]: Leaving directory '/home/cc/ee106a/fa19/class/ee106a-afu/ros_workspaces/Thanos/build/CMakeFiles/CMakeTmp'
Makefile:126: recipe for target 'cmTC_7eeda/fast' failed
make: *** [cmTC_7eeda/fast] Error 2

File /home/cc/ee106a/fa19/class/ee106a-afu/ros_workspaces/Thanos/build/CMakeFiles/CMakeTmp/CheckSymbolExists.c:
/* */
#include <pthread.h>

int main(int argc, char** argv)
{
  (void)argv;
#ifndef pthread_create
  return ((int*)(&pthread_create))[argc];
#else
  (void)argc;
  return 0;
#endif
}

Determining if the function pthread_create exists in the pthreads failed with the following output:
Change Dir: /home/cc/ee106a/fa19/class/ee106a-afu/ros_workspaces/Thanos/build/CMakeFiles/CMakeTmp

Run Build Command:"/usr/bin/make" "cmTC_f5b3f/fast"
/usr/bin/make -f CMakeFiles/cmTC_f5b3f.dir/build.make CMakeFiles/cmTC_f5b3f.dir/build
make[1]: Entering directory '/home/cc/ee106a/fa19/class/ee106a-afu/ros_workspaces/Thanos/build/CMakeFiles/CMakeTmp'
Building C object CMakeFiles/cmTC_f5b3f.dir/CheckFunctionExists.c.o
/usr/bin/cc    -DCHECK_FUNCTION_EXISTS=pthread_create   -o CMakeFiles/cmTC_f5b3f.dir/CheckFunctionExists.c.o   -c /usr/share/cmake-3.5/Modules/CheckFunctionExists.c
Linking C executable cmTC_f5b3f
/usr/bin/cmake -E cmake_link_script CMakeFiles/cmTC_f5b3f.dir/link.txt --verbose=1
/usr/bin/cc   -DCHECK_FUNCTION_EXISTS=pthread_create    CMakeFiles/cmTC_f5b3f.dir/CheckFunctionExists.c.o  -o cmTC_f5b3f -rdynamic -lpthreads 
/usr/bin/ld: cannot find -lpthreads
collect2: error: ld returned 1 exit status
CMakeFiles/cmTC_f5b3f.dir/build.make:97: recipe for target 'cmTC_f5b3f' failed
make[1]: *** [cmTC_f5b3f] Error 1
make[1]: Leaving directory '/home/cc/ee106a/fa19/class/ee106a-afu/ros_workspaces/Thanos/build/CMakeFiles/CMakeTmp'
Makefile:126: recipe for target 'cmTC_f5b3f/fast' failed
make: *** [cmTC_f5b3f/fast] Error 2


